WARNING: Ignoring invalid distribution -rotobuf (/WAVE/users2/unix/ysuryavanshi/.local/lib/python3.9/site-packages)
WARNING: Ignoring invalid distribution -rotobuf (/WAVE/users2/unix/ysuryavanshi/.local/lib/python3.9/site-packages)
WARNING: Ignoring invalid distribution -rotobuf (/WAVE/users2/unix/ysuryavanshi/.local/lib/python3.9/site-packages)
WARNING: Ignoring invalid distribution -rotobuf (/WAVE/users2/unix/ysuryavanshi/.local/lib/python3.9/site-packages)
WARNING: Ignoring invalid distribution -rotobuf (/WAVE/users2/unix/ysuryavanshi/.local/lib/python3.9/site-packages)
WARNING: Ignoring invalid distribution -rotobuf (/WAVE/users2/unix/ysuryavanshi/.local/lib/python3.9/site-packages)
WARNING: Ignoring invalid distribution -rotobuf (/WAVE/users2/unix/ysuryavanshi/.local/lib/python3.9/site-packages)
WARNING: Ignoring invalid distribution -rotobuf (/WAVE/users2/unix/ysuryavanshi/.local/lib/python3.9/site-packages)
WARNING: Ignoring invalid distribution -rotobuf (/WAVE/users2/unix/ysuryavanshi/.local/lib/python3.9/site-packages)
WARNING: Ignoring invalid distribution -rotobuf (/WAVE/users2/unix/ysuryavanshi/.local/lib/python3.9/site-packages)
WARNING: Ignoring invalid distribution -rotobuf (/WAVE/users2/unix/ysuryavanshi/.local/lib/python3.9/site-packages)
WARNING: Ignoring invalid distribution -rotobuf (/WAVE/users2/unix/ysuryavanshi/.local/lib/python3.9/site-packages)
/WAVE/users2/unix/ysuryavanshi/NLP Project/run_and_aggregate.py:8: DeprecationWarning: 
Pyarrow will become a required dependency of pandas in the next major release of pandas (pandas 3.0),
(to allow more performant data types, such as the Arrow string type, and better interoperability with other libraries)
but was not found to be installed on your system.
If this would cause problems for you,
please provide us feedback at https://github.com/pandas-dev/pandas/issues/54466
        
  import pandas as pd
2025-06-06 06:44:08.751097: E external/local_xla/xla/stream_executor/cuda/cuda_fft.cc:477] Unable to register cuFFT factory: Attempting to register factory for plugin cuFFT when one has already been registered
WARNING: All log messages before absl::InitializeLog() is called are written to STDERR
E0000 00:00:1749217448.872767  661978 cuda_dnn.cc:8310] Unable to register cuDNN factory: Attempting to register factory for plugin cuDNN when one has already been registered
E0000 00:00:1749217448.920420  661978 cuda_blas.cc:1418] Unable to register cuBLAS factory: Attempting to register factory for plugin cuBLAS when one has already been registered
2025-06-06 06:44:09.212289: I tensorflow/core/platform/cpu_feature_guard.cc:210] This TensorFlow binary is optimized to use available CPU instructions in performance-critical operations.
To enable the following instructions: AVX2 AVX512F FMA, in other operations, rebuild TensorFlow with the appropriate compiler flags.
AttributeError: 'MessageFactory' object has no attribute 'GetPrototype'
AttributeError: 'MessageFactory' object has no attribute 'GetPrototype'
AttributeError: 'MessageFactory' object has no attribute 'GetPrototype'
AttributeError: 'MessageFactory' object has no attribute 'GetPrototype'
AttributeError: 'MessageFactory' object has no attribute 'GetPrototype'
Training:   0%|          | 0/978 [00:00<?, ?it/s]Training:   0%|          | 0/978 [00:00<?, ?it/s]
Training:   0%|          | 0/978 [00:00<?, ?it/s]Training:   0%|          | 0/978 [00:01<?, ?it/s, loss=0.7500, avg_loss=0.7500]Training:   0%|          | 1/978 [00:01<17:37,  1.08s/it, loss=0.7500, avg_loss=0.7500]Training:   0%|          | 1/978 [00:01<18:51,  1.16s/it, loss=0.7500, avg_loss=0.7500]
